c:\users\asus\desktop\oop\labs\maze_game\maze_game\debug\vc142.pdb
c:\users\asus\desktop\oop\labs\maze_game\maze_game\debug\vc142.idb
c:\users\asus\desktop\oop\labs\maze_game\maze_game\debug\main.obj
c:\users\asus\desktop\oop\labs\maze_game\maze_game\debug\maze_game.obj
c:\users\asus\desktop\oop\labs\maze_game\maze_game\debug\camera_view.obj
c:\users\asus\desktop\oop\labs\maze_game\maze_game\debug\spriteeditor.obj
c:\users\asus\desktop\oop\labs\maze_game\maze_game\debug\olcconsolegameengine.obj
c:\users\asus\desktop\oop\labs\maze_game\maze_game\debug\maps.obj
c:\users\asus\desktop\oop\labs\maze_game\maze_game\debug\player.obj
c:\users\asus\desktop\oop\labs\maze_game\maze_game\debug\entity.obj
c:\users\asus\desktop\oop\labs\maze_game\maze_game\debug\tile.obj
c:\users\asus\desktop\oop\labs\maze_game\maze_game\debug\creature.obj
c:\users\asus\desktop\oop\labs\maze_game\maze_game\debug\enemy.obj
c:\users\asus\desktop\oop\labs\maze_game\maze_game\debug\item.obj
c:\users\asus\desktop\oop\labs\maze_game\maze_game\debug\health_potion.obj
c:\users\asus\desktop\oop\labs\maze_game\maze_game\debug\consumable_item.obj
c:\users\asus\desktop\oop\labs\maze_game\maze_game\debug\main.obj.enc
c:\users\asus\desktop\oop\labs\maze_game\debug\maze_game.pdb
c:\users\asus\desktop\oop\labs\maze_game\maze_game\debug\maze_game.tlog\cl.command.1.tlog
c:\users\asus\desktop\oop\labs\maze_game\maze_game\debug\maze_game.tlog\cl.read.1.tlog
c:\users\asus\desktop\oop\labs\maze_game\maze_game\debug\maze_game.tlog\cl.write.1.tlog
c:\users\asus\desktop\oop\labs\maze_game\maze_game\debug\maze_game.tlog\link.22484-cvtres.read.1.tlog
c:\users\asus\desktop\oop\labs\maze_game\maze_game\debug\maze_game.tlog\link.22484-cvtres.write.1.tlog
c:\users\asus\desktop\oop\labs\maze_game\maze_game\debug\maze_game.tlog\link.22484-rc.read.1.tlog
c:\users\asus\desktop\oop\labs\maze_game\maze_game\debug\maze_game.tlog\link.22484-rc.write.1.tlog
c:\users\asus\desktop\oop\labs\maze_game\maze_game\debug\maze_game.tlog\link.22484.read.1.tlog
c:\users\asus\desktop\oop\labs\maze_game\maze_game\debug\maze_game.tlog\link.22484.write.1.tlog
c:\users\asus\desktop\oop\labs\maze_game\maze_game\debug\maze_game.tlog\link.command.1.tlog
c:\users\asus\desktop\oop\labs\maze_game\maze_game\debug\maze_game.tlog\link.read.1.tlog
c:\users\asus\desktop\oop\labs\maze_game\maze_game\debug\maze_game.tlog\link.write.1.tlog
